<?xml version="1.0" encoding="utf-8"?><testsuites><testsuite name="pytest" errors="0" failures="0" skipped="0" tests="17" time="9.616" timestamp="2023-05-06T08:51:53.485879" hostname="WorlordV.local"><testcase classname="test.integration.test_configuration_load" name="test_configuration_load" time="9.140" /><testcase classname="test.integration.test_configuration_load" name="test_decorator_configuration_load" time="0.087" /><testcase classname="test.unit.test_timeslice" name="test_timeslice_all" time="0.000" /><testcase classname="test.unit.test_timeslice" name="test_timeslice_year" time="0.000" /><testcase classname="test.unit.test_timeslice" name="test_timeslice_month" time="0.000" /><testcase classname="test.unit.test_timeslice" name="test_timeslice_day" time="0.000" /><testcase classname="test.unit.test_timeslice" name="test_timeslice_invalid" time="0.000" /><testcase classname="test.unit.test_timeslice" name="test_timeslice_invalid_date" time="0.000" /><testcase classname="test.unit.test_timeslice" name="test_timeslice_now" time="0.000" /><testcase classname="test.unit.test_timeslice" name="test_timeslice_utcnow" time="0.000" /><testcase classname="test.unit.test_timeslice" name="test_timeslice_invalid_format_code" time="0.000" /><testcase classname="test.unit.test_timeslice" name="test_timeslice_str" time="0.000" /><testcase classname="test.unit.test_utils" name="test_utils_get_dll_header" time="0.000" /><testcase classname="test.unit.test_utils" name="test_utils_get_dll_noheader" time="0.000" /><testcase classname="test.unit.test_utils" name="test_render_jinja" time="0.001" /><testcase classname="test.unit.test_utils" name="test_render_jinja_skip" time="0.000" /><testcase classname="test.unit.test_utils" name="test_get_html_table" time="0.000" /></testsuite></testsuites>